<?xml version="1.0" encoding="UTF-8"?>
<!-- Generated by org.testng.reporters.JUnitXMLReporter -->
<testsuite ignored="0" hostname="IATPLL002" failures="0" tests="1" name="Home Test" time="0.16" errors="0" timestamp="2024-12-17T22:22:10 IST">
  <testcase classname="globalview_test.Home_Test" name="@BeforeTest getLaunchurl_globalview" time="-1.734454330242E9">
    <failure type="org.testng.TestNGException" message="
Parameter &amp;apos;browser&amp;apos; is required by BeforeTest on method getLaunchurl_globalview but has not been marked @Optional or defined
in C:\GlobalViews\Comglobalview\testng.xml">
      <![CDATA[org.testng.TestNGException: 
Parameter 'browser' is required by BeforeTest on method getLaunchurl_globalview but has not been marked @Optional or defined
in C:\GlobalViews\Comglobalview\testng.xml
... Removed 21 stack frames]]>
    </failure>
  </testcase> <!-- @BeforeTest getLaunchurl_globalview -->
  <testcase classname="baselibrary.BaseLibrary" name="@AfterTest teardown" time="-1.73445433039E9">
    <skipped/>
  </testcase> <!-- @AfterTest teardown -->
  <testcase classname="globalview_test.Home_Test" name="toverifyTitle" time="0.0">
    <skipped/>
  </testcase> <!-- toverifyTitle -->
</testsuite> <!-- Home Test -->
